c:\users\fores\desktop\vulkanrenderer\vulkanrenderer\x64\debug\vc140.pdb
c:\users\fores\desktop\vulkanrenderer\vulkanrenderer\x64\debug\vc140.idb
c:\users\fores\desktop\vulkanrenderer\vulkanrenderer\x64\debug\vulkanrenderer.obj
c:\users\fores\desktop\vulkanrenderer\vulkanrenderer\x64\debug\vulkaninitializers.obj
c:\users\fores\desktop\vulkanrenderer\vulkanrenderer\x64\debug\vulkanfunctionpointers.obj
c:\users\fores\desktop\vulkanrenderer\vulkanrenderer\x64\debug\main.obj
c:\users\fores\desktop\vulkan\vulkanrenderer\vulkanrenderer\x64\debug\vc140.pdb
c:\users\fores\desktop\vulkan\vulkanrenderer\vulkanrenderer\x64\debug\vc140.idb
c:\users\fores\desktop\vulkan\vulkanrenderer\vulkanrenderer\x64\debug\vulkanfunctionpointers.obj
c:\users\fores\desktop\vulkan\vulkanrenderer\vulkanrenderer\x64\debug\vulkaninitializers.obj
c:\users\fores\desktop\vulkan\vulkanrenderer\vulkanrenderer\x64\debug\main.obj
c:\users\fores\desktop\vulkanrenderer\x64\debug\vulkanrenderer.ilk
c:\users\fores\desktop\vulkanrenderer\x64\debug\vulkanrenderer.exe
c:\users\fores\desktop\vulkanrenderer\x64\debug\vulkanrenderer.pdb
c:\users\fores\desktop\vulkan\vulkanrenderer\x64\debug\vulkanrenderer.ilk
c:\users\fores\desktop\vulkan\vulkanrenderer\x64\debug\vulkanrenderer.exe
c:\users\fores\desktop\vulkan\vulkanrenderer\x64\debug\vulkanrenderer.pdb
c:\users\fores\desktop\vulkan\vulkanrenderer\vulkanrenderer\x64\debug\vulkanrenderer.obj
c:\users\fores\desktop\vulkan\vulkanrenderer\vulkanrenderer\x64\debug\vulkanrenderer.tlog\cl.command.1.tlog
c:\users\fores\desktop\vulkan\vulkanrenderer\vulkanrenderer\x64\debug\vulkanrenderer.tlog\cl.read.1.tlog
c:\users\fores\desktop\vulkan\vulkanrenderer\vulkanrenderer\x64\debug\vulkanrenderer.tlog\cl.write.1.tlog
c:\users\fores\desktop\vulkan\vulkanrenderer\vulkanrenderer\x64\debug\vulkanrenderer.tlog\link.command.1.tlog
c:\users\fores\desktop\vulkan\vulkanrenderer\vulkanrenderer\x64\debug\vulkanrenderer.tlog\link.read.1.tlog
c:\users\fores\desktop\vulkan\vulkanrenderer\vulkanrenderer\x64\debug\vulkanrenderer.tlog\link.write.1.tlog
